Logfile initialized
[INFO] logfile = /home/mario/Titanium_Studio_Workspace/ANDRUINO/build.log
[DEBUG] /home/mario/.titanium/mobilesdk/linux/2.1.3.GA/android/builder.py install ANDRUINO /home/mario/Android SDK/android-sdk-linux /home/mario/Titanium_Studio_Workspace/ANDRUINO com.andruino 24
[INFO] Titanium SDK version: 2.1.3 (10/02/12 16:16 15997d0)
[DEBUG] Waiting for device to be ready ...
[TRACE] adb devices returned 1 devices/emulators
[DEBUG] Device connected... (waited 0 seconds)
[DEBUG] waited 0.005590 seconds on emulator to get ready
[DEBUG] com.andruino installed? False
[INFO] Copying CommonJS modules...
[INFO] Copying project resources..
[TRACE] COPYING MODIFIED FILE: /home/mario/Titanium_Studio_Workspace/ANDRUINO/Resources/app.js => /home/mario/Titanium_Studio_Workspace/ANDRUINO/build/android/bin/assets/Resources/app.js
[TRACE] COPYING CREATED FILE: /home/mario/Titanium_Studio_Workspace/ANDRUINO/Resources/android/.thumbnails/appicon.png.png => /home/mario/Titanium_Studio_Workspace/ANDRUINO/build/android/bin/assets/Resources/.thumbnails/appicon.png.png
[TRACE] COPYING CREATED FILE: /home/mario/Titanium_Studio_Workspace/ANDRUINO/Resources/android/.thumbnails/default.png.png => /home/mario/Titanium_Studio_Workspace/ANDRUINO/build/android/bin/assets/Resources/.thumbnails/default.png.png
[TRACE] COPYING MODIFIED FILE: /home/mario/Titanium_Studio_Workspace/ANDRUINO/Resources/android/default.png => /home/mario/Titanium_Studio_Workspace/ANDRUINO/build/android/bin/assets/Resources/default.png
[TRACE] COPYING MODIFIED FILE: /home/mario/Titanium_Studio_Workspace/ANDRUINO/Resources/android/appicon.png => /home/mario/Titanium_Studio_Workspace/ANDRUINO/build/android/bin/assets/Resources/appicon.png
[TRACE] Generating Java Classes
[DEBUG] Processing Android resource drawables
[TRACE] COPYING FILE: /home/mario/Titanium_Studio_Workspace/ANDRUINO/Resources/android/images/res-notlong-land-mdpi/.thumbnails/default.png.png => /home/mario/Titanium_Studio_Workspace/ANDRUINO/build/android/res/drawable-notlong-land-mdpi/_thumbnails_default_png_5b9e94fe90.png
[TRACE] COPYING FILE: /home/mario/Titanium_Studio_Workspace/ANDRUINO/Resources/android/images/res-long-port-ldpi/.thumbnails/default.png.png => /home/mario/Titanium_Studio_Workspace/ANDRUINO/build/android/res/drawable-long-port-ldpi/_thumbnails_default_png_5b9e94fe90.png
[TRACE] COPYING FILE: /home/mario/Titanium_Studio_Workspace/ANDRUINO/Resources/android/images/res-notlong-port-mdpi/.thumbnails/default.png.png => /home/mario/Titanium_Studio_Workspace/ANDRUINO/build/android/res/drawable-notlong-port-mdpi/_thumbnails_default_png_5b9e94fe90.png
[TRACE] COPYING FILE: /home/mario/Titanium_Studio_Workspace/ANDRUINO/Resources/android/images/res-notlong-land-hdpi/.thumbnails/default.png.png => /home/mario/Titanium_Studio_Workspace/ANDRUINO/build/android/res/drawable-notlong-land-hdpi/_thumbnails_default_png_5b9e94fe90.png
[TRACE] COPYING FILE: /home/mario/Titanium_Studio_Workspace/ANDRUINO/Resources/android/images/res-long-land-hdpi/.thumbnails/default.png.png => /home/mario/Titanium_Studio_Workspace/ANDRUINO/build/android/res/drawable-long-land-hdpi/_thumbnails_default_png_5b9e94fe90.png
[TRACE] COPYING FILE: /home/mario/Titanium_Studio_Workspace/ANDRUINO/Resources/android/images/res-long-port-hdpi/.thumbnails/default.png.png => /home/mario/Titanium_Studio_Workspace/ANDRUINO/build/android/res/drawable-long-port-hdpi/_thumbnails_default_png_5b9e94fe90.png
[TRACE] COPYING FILE: /home/mario/Titanium_Studio_Workspace/ANDRUINO/Resources/android/images/res-long-land-ldpi/.thumbnails/default.png.png => /home/mario/Titanium_Studio_Workspace/ANDRUINO/build/android/res/drawable-long-land-ldpi/_thumbnails_default_png_5b9e94fe90.png
[TRACE] COPYING FILE: /home/mario/Titanium_Studio_Workspace/ANDRUINO/Resources/android/images/res-notlong-port-hdpi/.thumbnails/default.png.png => /home/mario/Titanium_Studio_Workspace/ANDRUINO/build/android/res/drawable-notlong-port-hdpi/_thumbnails_default_png_5b9e94fe90.png
[TRACE] COPYING FILE: /home/mario/Titanium_Studio_Workspace/ANDRUINO/Resources/android/images/res-notlong-land-ldpi/.thumbnails/default.png.png => /home/mario/Titanium_Studio_Workspace/ANDRUINO/build/android/res/drawable-notlong-land-ldpi/_thumbnails_default_png_5b9e94fe90.png
[TRACE] COPYING FILE: /home/mario/Titanium_Studio_Workspace/ANDRUINO/Resources/android/images/res-notlong-port-ldpi/.thumbnails/default.png.png => /home/mario/Titanium_Studio_Workspace/ANDRUINO/build/android/res/drawable-notlong-port-ldpi/_thumbnails_default_png_5b9e94fe90.png
[DEBUG] copying app icon: /home/mario/Titanium_Studio_Workspace/ANDRUINO/build/android/bin/assets/Resources/appicon.png
[DEBUG] generating theme.xml
[DEBUG] found drawable-notlong-land-mdpi splash screen at /home/mario/Titanium_Studio_Workspace/ANDRUINO/Resources/android/images/res-notlong-land-mdpi/default.png
[DEBUG] copying /home/mario/Titanium_Studio_Workspace/ANDRUINO/Resources/android/images/res-notlong-land-mdpi/default.png splash screen to /home/mario/Titanium_Studio_Workspace/ANDRUINO/build/android/res/drawable-notlong-land-mdpi/background.png
[DEBUG] found drawable-long-port-ldpi splash screen at /home/mario/Titanium_Studio_Workspace/ANDRUINO/Resources/android/images/res-long-port-ldpi/default.png
[DEBUG] copying /home/mario/Titanium_Studio_Workspace/ANDRUINO/Resources/android/images/res-long-port-ldpi/default.png splash screen to /home/mario/Titanium_Studio_Workspace/ANDRUINO/build/android/res/drawable-long-port-ldpi/background.png
[DEBUG] found drawable-notlong-port-mdpi splash screen at /home/mario/Titanium_Studio_Workspace/ANDRUINO/Resources/android/images/res-notlong-port-mdpi/default.png
[DEBUG] copying /home/mario/Titanium_Studio_Workspace/ANDRUINO/Resources/android/images/res-notlong-port-mdpi/default.png splash screen to /home/mario/Titanium_Studio_Workspace/ANDRUINO/build/android/res/drawable-notlong-port-mdpi/background.png
[DEBUG] found drawable-notlong-land-hdpi splash screen at /home/mario/Titanium_Studio_Workspace/ANDRUINO/Resources/android/images/res-notlong-land-hdpi/default.png
[DEBUG] copying /home/mario/Titanium_Studio_Workspace/ANDRUINO/Resources/android/images/res-notlong-land-hdpi/default.png splash screen to /home/mario/Titanium_Studio_Workspace/ANDRUINO/build/android/res/drawable-notlong-land-hdpi/background.png
[DEBUG] found drawable-long-land-hdpi splash screen at /home/mario/Titanium_Studio_Workspace/ANDRUINO/Resources/android/images/res-long-land-hdpi/default.png
[DEBUG] copying /home/mario/Titanium_Studio_Workspace/ANDRUINO/Resources/android/images/res-long-land-hdpi/default.png splash screen to /home/mario/Titanium_Studio_Workspace/ANDRUINO/build/android/res/drawable-long-land-hdpi/background.png
[DEBUG] found drawable-long-port-hdpi splash screen at /home/mario/Titanium_Studio_Workspace/ANDRUINO/Resources/android/images/res-long-port-hdpi/default.png
[DEBUG] copying /home/mario/Titanium_Studio_Workspace/ANDRUINO/Resources/android/images/res-long-port-hdpi/default.png splash screen to /home/mario/Titanium_Studio_Workspace/ANDRUINO/build/android/res/drawable-long-port-hdpi/background.png
[DEBUG] found drawable-long-land-ldpi splash screen at /home/mario/Titanium_Studio_Workspace/ANDRUINO/Resources/android/images/res-long-land-ldpi/default.png
[DEBUG] copying /home/mario/Titanium_Studio_Workspace/ANDRUINO/Resources/android/images/res-long-land-ldpi/default.png splash screen to /home/mario/Titanium_Studio_Workspace/ANDRUINO/build/android/res/drawable-long-land-ldpi/background.png
[DEBUG] found drawable-notlong-port-hdpi splash screen at /home/mario/Titanium_Studio_Workspace/ANDRUINO/Resources/android/images/res-notlong-port-hdpi/default.png
[DEBUG] copying /home/mario/Titanium_Studio_Workspace/ANDRUINO/Resources/android/images/res-notlong-port-hdpi/default.png splash screen to /home/mario/Titanium_Studio_Workspace/ANDRUINO/build/android/res/drawable-notlong-port-hdpi/background.png
[DEBUG] found drawable-notlong-land-ldpi splash screen at /home/mario/Titanium_Studio_Workspace/ANDRUINO/Resources/android/images/res-notlong-land-ldpi/default.png
[DEBUG] copying /home/mario/Titanium_Studio_Workspace/ANDRUINO/Resources/android/images/res-notlong-land-ldpi/default.png splash screen to /home/mario/Titanium_Studio_Workspace/ANDRUINO/build/android/res/drawable-notlong-land-ldpi/background.png
[DEBUG] found drawable-notlong-port-ldpi splash screen at /home/mario/Titanium_Studio_Workspace/ANDRUINO/Resources/android/images/res-notlong-port-ldpi/default.png
[DEBUG] copying /home/mario/Titanium_Studio_Workspace/ANDRUINO/Resources/android/images/res-notlong-port-ldpi/default.png splash screen to /home/mario/Titanium_Studio_Workspace/ANDRUINO/build/android/res/drawable-notlong-port-ldpi/background.png
[DEBUG] found splash screen at /home/mario/Titanium_Studio_Workspace/ANDRUINO/build/android/bin/assets/Resources/default.png
[TRACE] Writing out AndroidManifest.xml
[DEBUG] adding /home/mario/Titanium_Studio_Workspace/ANDRUINO/build/android/gen/com/andruino/AndruinoApplication.java to javac build list
[DEBUG] adding /home/mario/Titanium_Studio_Workspace/ANDRUINO/build/android/gen/com/andruino/R.java to javac build list
[DEBUG] adding /home/mario/Titanium_Studio_Workspace/ANDRUINO/build/android/gen/com/andruino/AndruinoActivity.java to javac build list
[DEBUG] adding /home/mario/Titanium_Studio_Workspace/ANDRUINO/build/android/gen/com/andruino/AndruinoAppInfo.java to javac build list
[DEBUG] Building Java Sources: "/home/mario/Titanium_Studio_Workspace/ANDRUINO/build/android/gen/com/andruino/AndruinoApplication.java" "/home/mario/Titanium_Studio_Workspace/ANDRUINO/build/android/gen/com/andruino/R.java" "/home/mario/Titanium_Studio_Workspace/ANDRUINO/build/android/gen/com/andruino/AndruinoActivity.java" "/home/mario/Titanium_Studio_Workspace/ANDRUINO/build/android/gen/com/andruino/AndruinoAppInfo.java"
[INFO] Compiling Android Resources... This could take some time
[DEBUG] Android classes.dex built
[DEBUG] creating unsigned apk: /home/mario/Titanium_Studio_Workspace/ANDRUINO/build/android/bin/app-unsigned.apk
[DEBUG] from resource zip => assets/Resources/ui/common/FirstView.js
[DEBUG] from resource zip => assets/Resources/ui/handheld/android/ApplicationWindow.js
[DEBUG] from resource zip => assets/Resources/ui/handheld/ApplicationWindow.js
[DEBUG] from resource zip => assets/Resources/ui/tablet/ApplicationWindow.js
[DEBUG] from resource zip => assets/Resources/KS_nav_ui.png
[DEBUG] from resource zip => assets/Resources/KS_nav_views.png
[DEBUG] from resource zip => assets/Resources/app.js
[DEBUG] from resource zip => assets/Resources/appicon.png
[DEBUG] from resource zip => assets/Resources/bombillaapagada.jpg
[DEBUG] from resource zip => assets/Resources/bombillaencendida.jpg
[DEBUG] from resource zip => assets/Resources/default.png
[DEBUG] from resource zip => assets/Resources/ti.cloud.js
[DEBUG] from resource zip => assets/app.json
[DEBUG] from resource zip => assets/index.json
[DEBUG] from resource zip => assets/tiapp.xml
[DEBUG] from resource zip => res/drawable/appicon.png
[DEBUG] from resource zip => res/drawable/background.png
[DEBUG] from resource zip => res/layout/titanium_tabgroup.xml
[DEBUG] from resource zip => AndroidManifest.xml
[DEBUG] from resource zip => resources.arsc
[DEBUG] from resource zip => res/drawable-long-land-hdpi/_thumbnails_default_png_5b9e94fe90.png
[DEBUG] from resource zip => res/drawable-long-land-hdpi/background.png
[DEBUG] from resource zip => res/drawable-long-land-ldpi/_thumbnails_default_png_5b9e94fe90.png
[DEBUG] from resource zip => res/drawable-long-land-ldpi/background.png
[DEBUG] from resource zip => res/drawable-long-port-hdpi/_thumbnails_default_png_5b9e94fe90.png
[DEBUG] from resource zip => res/drawable-long-port-hdpi/background.png
[DEBUG] from resource zip => res/drawable-long-port-ldpi/_thumbnails_default_png_5b9e94fe90.png
[DEBUG] from resource zip => res/drawable-long-port-ldpi/background.png
[DEBUG] from resource zip => res/drawable-notlong-land-hdpi/_thumbnails_default_png_5b9e94fe90.png
[DEBUG] from resource zip => res/drawable-notlong-land-hdpi/background.png
[DEBUG] from resource zip => res/drawable-notlong-land-ldpi/_thumbnails_default_png_5b9e94fe90.png
[DEBUG] from resource zip => res/drawable-notlong-land-ldpi/background.png
[DEBUG] from resource zip => res/drawable-notlong-land-mdpi/_thumbnails_default_png_5b9e94fe90.png
[DEBUG] from resource zip => res/drawable-notlong-land-mdpi/background.png
[DEBUG] from resource zip => res/drawable-notlong-port-hdpi/_thumbnails_default_png_5b9e94fe90.png
[DEBUG] from resource zip => res/drawable-notlong-port-hdpi/background.png
[DEBUG] from resource zip => res/drawable-notlong-port-ldpi/_thumbnails_default_png_5b9e94fe90.png
[DEBUG] from resource zip => res/drawable-notlong-port-ldpi/background.png
[DEBUG] from resource zip => res/drawable-notlong-port-mdpi/_thumbnails_default_png_5b9e94fe90.png
[DEBUG] from resource zip => res/drawable-notlong-port-mdpi/background.png
[DEBUG] from JAR /home/mario/.titanium/mobilesdk/linux/2.1.3.GA/android/thirdparty.jar => org/apache/Commons-NOTICE.txt
[DEBUG] from JAR /home/mario/.titanium/mobilesdk/linux/2.1.3.GA/android/thirdparty.jar => org/apache/HttpComponents-NOTICE.txt
[DEBUG] from JAR /home/mario/.titanium/mobilesdk/linux/2.1.3.GA/android/thirdparty.jar => org/apache/mime4j-NOTICE.txt
[DEBUG] from JAR /home/mario/.titanium/mobilesdk/linux/2.1.3.GA/android/titanium.jar => org/appcelerator/titanium/build.properties
[DEBUG] from JAR /home/mario/.titanium/mobilesdk/linux/2.1.3.GA/android/titanium.jar => org/appcelerator/titanium/res/drawable/background.png
[DEBUG] from JAR /home/mario/.titanium/mobilesdk/linux/2.1.3.GA/android/titanium.jar => org/appcelerator/titanium/res/drawable/btn_check_buttonless_on.png
[DEBUG] from JAR /home/mario/.titanium/mobilesdk/linux/2.1.3.GA/android/titanium.jar => org/appcelerator/titanium/res/drawable/btn_check_buttonless_on_18.png
[DEBUG] from JAR /home/mario/.titanium/mobilesdk/linux/2.1.3.GA/android/titanium.jar => org/appcelerator/titanium/res/drawable/btn_check_buttonless_on_48.png
[DEBUG] from JAR /home/mario/.titanium/mobilesdk/linux/2.1.3.GA/android/titanium.jar => org/appcelerator/titanium/res/drawable/btn_more.png
[DEBUG] from JAR /home/mario/.titanium/mobilesdk/linux/2.1.3.GA/android/titanium.jar => org/appcelerator/titanium/res/drawable/btn_more_18.png
[DEBUG] from JAR /home/mario/.titanium/mobilesdk/linux/2.1.3.GA/android/titanium.jar => org/appcelerator/titanium/res/drawable/btn_more_48.png
[DEBUG] from JAR /home/mario/.titanium/mobilesdk/linux/2.1.3.GA/android/titanium.jar => org/appcelerator/titanium/res/drawable/btn_picker_normal.9.png
[DEBUG] from JAR /home/mario/.titanium/mobilesdk/linux/2.1.3.GA/android/titanium.jar => org/appcelerator/titanium/res/drawable/btn_picker_pressed.9.png
[DEBUG] from JAR /home/mario/.titanium/mobilesdk/linux/2.1.3.GA/android/titanium.jar => org/appcelerator/titanium/res/drawable/btn_picker_selected.9.png
[DEBUG] from JAR /home/mario/.titanium/mobilesdk/linux/2.1.3.GA/android/titanium.jar => org/appcelerator/titanium/res/drawable/default_icon.png
[DEBUG] from JAR /home/mario/.titanium/mobilesdk/linux/2.1.3.GA/android/titanium.jar => org/appcelerator/titanium/res/drawable/photoDefault.png
[DEBUG] from JAR /home/mario/.titanium/mobilesdk/linux/2.1.3.GA/android/modules/titanium-ui.jar => ti/modules/titanium/ui/widget/webview/binding.js
[DEBUG] from JAR /home/mario/.titanium/mobilesdk/linux/2.1.3.GA/android/modules/titanium-ui.jar => ti/modules/titanium/ui/widget/webview/binding.min.js
[DEBUG] from JAR /home/mario/.titanium/mobilesdk/linux/2.1.3.GA/android/modules/titanium-ui.jar => ti/modules/titanium/ui/widget/webview/json2.js
[DEBUG] from JAR /home/mario/.titanium/mobilesdk/linux/2.1.3.GA/android/modules/titanium-ui.jar => ti/modules/titanium/ui/widget/webview/polling.js
[DEBUG] from JAR /home/mario/.titanium/mobilesdk/linux/2.1.3.GA/android/modules/titanium-ui.jar => ti/modules/titanium/ui/widget/webview/polling.min.js
[DEBUG] installing native SDK libs
[DEBUG] Waiting for device to be ready ...
[TRACE] adb devices returned 1 devices/emulators
[DEBUG] Device connected... (waited 0 seconds)
[DEBUG] waited 0.007687 seconds on emulator to get ready
[INFO] Installing application on device
[INFO] Application installed. Launch from drawer on Home Screen
